<?xml version="1.0" encoding="UTF-8"?>
<!-- Generated by org.testng.reporters.JUnitXMLReporter -->
<testsuite ignored="0" hostname="IBM-5F0MH24" failures="0" tests="3" name="Test" time="78.455" errors="0" timestamp="2024-07-17T12:23:11 IST">
  <testcase classname="testCasesAmazon.test2" name="MoviesAndTv" time="35.773"/>
  <testcase classname="testCasesAmazon.test1" name="Books" time="40.389"/>
  <testcase classname="testCasesAmazon.test3" name="MusicalInstruments" time="42.632"/>
</testsuite> <!-- Test -->
