<?xml version="1.0" encoding="UTF-8"?>
<testng-results ignored="0" total="3" passed="3" failed="0" skipped="0">
  <reporter-output>
  </reporter-output>
  <suite started-at="2024-07-17T12:21:53 IST" name="Suite" finished-at="2024-07-17T12:23:11 IST" duration-ms="78455">
    <groups>
    </groups>
    <test started-at="2024-07-17T12:21:53 IST" name="Test" finished-at="2024-07-17T12:23:11 IST" duration-ms="78455">
      <class name="testCasesAmazon.test2">
        <test-method signature="MoviesAndTv()[pri:0, instance:testCasesAmazon.test2@293a5bf6]" started-at="2024-07-17T12:21:53 IST" name="MoviesAndTv" finished-at="2024-07-17T12:22:29 IST" duration-ms="35773" status="PASS">
          <reporter-output>
          </reporter-output>
        </test-method> <!-- MoviesAndTv -->
      </class> <!-- testCasesAmazon.test2 -->
      <class name="testCasesAmazon.test1">
        <test-method signature="Books()[pri:0, instance:testCasesAmazon.test1@35e2d654]" started-at="2024-07-17T12:21:53 IST" name="Books" finished-at="2024-07-17T12:22:33 IST" duration-ms="40389" status="PASS">
          <reporter-output>
          </reporter-output>
        </test-method> <!-- Books -->
      </class> <!-- testCasesAmazon.test1 -->
      <class name="testCasesAmazon.test3">
        <test-method signature="MusicalInstruments()[pri:0, instance:testCasesAmazon.test3@6aeb35e6]" started-at="2024-07-17T12:22:29 IST" name="MusicalInstruments" finished-at="2024-07-17T12:23:11 IST" duration-ms="42632" status="PASS">
          <reporter-output>
          </reporter-output>
        </test-method> <!-- MusicalInstruments -->
      </class> <!-- testCasesAmazon.test3 -->
    </test> <!-- Test -->
  </suite> <!-- Suite -->
</testng-results>
