<?xml version="1.0" encoding="UTF-8"?>
<testng-results ignored="0" total="1" passed="1" failed="0" skipped="0">
  <reporter-output>
  </reporter-output>
  <suite started-at="2024-07-18T15:59:15 IST" name="Default suite" finished-at="2024-07-18T15:59:24 IST" duration-ms="8956">
    <groups>
    </groups>
    <test started-at="2024-07-18T15:59:15 IST" name="Default test" finished-at="2024-07-18T15:59:24 IST" duration-ms="8956">
      <class name="Assignment.Alchemy">
        <test-method signature="FilterOpportunities()[pri:0, instance:Assignment.Alchemy@4562e04d]" started-at="2024-07-18T15:59:15 IST" name="FilterOpportunities" finished-at="2024-07-18T15:59:23 IST" duration-ms="8904" status="PASS">
          <reporter-output>
          </reporter-output>
        </test-method> <!-- FilterOpportunities -->
      </class> <!-- Assignment.Alchemy -->
    </test> <!-- Default test -->
  </suite> <!-- Default suite -->
</testng-results>
