<?xml version="1.0" encoding="UTF-8"?>
<!-- Generated by org.testng.reporters.JUnitXMLReporter -->
<testsuite ignored="2" hostname="IBM-5F0MH24" failures="0" tests="1" name="Default test" time="35.242" errors="0" timestamp="2024-07-17T11:36:25 IST">
  <testcase classname="testNgConcepts.Amazon" name="MusicalInstruments" time="35.204"/>
  <testcase classname="testNgConcepts.Amazon" name="MoviesAndTv" time="0.0">
    <ignored/>
  </testcase> <!-- MoviesAndTv -->
  <testcase classname="testNgConcepts.Amazon" name="Books" time="0.0">
    <ignored/>
  </testcase> <!-- Books -->
</testsuite> <!-- Default test -->
