<?xml version="1.0" encoding="UTF-8"?>
<!-- Generated by org.testng.reporters.JUnitXMLReporter -->
<testsuite ignored="12" hostname="IBM-5F0MH24" failures="0" tests="1" name="Default test" time="8.956" errors="0" timestamp="2024-07-18T15:59:24 IST">
  <testcase classname="Assignment.Alchemy" name="FilterOpportunities" time="8.904"/>
  <testcase classname="Assignment.Alchemy" name="MenuChecking" time="0.0">
    <ignored/>
  </testcase> <!-- MenuChecking -->
  <testcase classname="Assignment.Alchemy" name="GettingColors" time="0.0">
    <ignored/>
  </testcase> <!-- GettingColors -->
  <testcase classname="Assignment.Alchemy" name="CopyrightText" time="0.0">
    <ignored/>
  </testcase> <!-- CopyrightText -->
  <testcase classname="Assignment.Alchemy" name="LoggingIntoSite" time="0.0">
    <ignored/>
  </testcase> <!-- LoggingIntoSite -->
  <testcase classname="Assignment.Alchemy" name="TraversingTables2" time="0.0">
    <ignored/>
  </testcase> <!-- TraversingTables2 -->
  <testcase classname="Assignment.Alchemy" name="CreatingProdcut" time="0.0">
    <ignored/>
  </testcase> <!-- CreatingProdcut -->
  <testcase classname="Assignment.Alchemy" name="ReadingAddnInfor" time="0.0">
    <ignored/>
  </testcase> <!-- ReadingAddnInfor -->
  <testcase classname="Assignment.Alchemy" name="URLHeaderIMG" time="0.0">
    <ignored/>
  </testcase> <!-- URLHeaderIMG -->
  <testcase classname="Assignment.Alchemy" name="ScheduleMeeting" time="0.0">
    <ignored/>
  </testcase> <!-- ScheduleMeeting -->
  <testcase classname="Assignment.Alchemy" name="VerifyTitle" time="0.0">
    <ignored/>
  </testcase> <!-- VerifyTitle -->
  <testcase classname="Assignment.Alchemy" name="TraversingTables" time="0.0">
    <ignored/>
  </testcase> <!-- TraversingTables -->
  <testcase classname="Assignment.Alchemy" name="CountingDashlets" time="0.0">
    <ignored/>
  </testcase> <!-- CountingDashlets -->
</testsuite> <!-- Default test -->
